# JRE version: OpenJDK Runtime Environment (17.0.7) (build 17.0.7+0-b2043.56-10550314)
# Java VM: OpenJDK 64-Bit Server VM (17.0.7+0-b2043.56-10550314, mixed mode, tiered, compressed oops, compressed class ptrs, g1 gc, windows-amd64)
GC Precious Log:
 CPUs: 16 total, 16 available
 Memory: 16004M
 Large Page Support: Disabled
 NUMA Support: Disabled
 Compressed Oops: Enabled (32-bit)
 Heap Region Size: 1M
 Heap Min Capacity: 8M
 Heap Initial Capacity: 252M
 Heap Max Capacity: 2G
 Pre-touch: Disabled
 Parallel Workers: 13
 Concurrent Workers: 3
 Concurrent Refinement Workers: 13
 Periodic GC: Disabled
Heap:
 garbage-first heap   total 258048K, used 112640K [0x0000000080000000, 0x0000000100000000)
  region size 1024K, 1 young (1024K), 1 survivors (1024K)
 Metaspace       used 103929K, committed 104704K, reserved 1179648K
  class space    used 14123K, committed 14528K, reserved 1048576K
GC Heap History (20 events):
Event: 6.892 GC heap after
{Heap after GC invocations=19 (full 0):
 garbage-first heap   total 171008K, used 64895K [0x0000000080000000, 0x0000000100000000)
  region size 1024K, 8 young (8192K), 8 survivors (8192K)
 Metaspace       used 80148K, committed 80704K, reserved 1179648K
  class space    used 10917K, committed 11200K, reserved 1048576K
}
Event: 7.490 GC heap before
{Heap before GC invocations=19 (full 0):
 garbage-first heap   total 171008K, used 134527K [0x0000000080000000, 0x0000000100000000)
  region size 1024K, 76 young (77824K), 8 survivors (8192K)
 Metaspace       used 85989K, committed 86656K, reserved 1179648K
  class space    used 11760K, committed 12096K, reserved 1048576K
}
Event: 7.493 GC heap after
{Heap after GC invocations=20 (full 0):
 garbage-first heap   total 171008K, used 68451K [0x0000000080000000, 0x0000000100000000)
  region size 1024K, 7 young (7168K), 7 survivors (7168K)
 Metaspace       used 85989K, committed 86656K, reserved 1179648K
  class space    used 11760K, committed 12096K, reserved 1048576K
}
Event: 8.027 GC heap before
{Heap before GC invocations=20 (full 0):
 garbage-first heap   total 171008K, used 137059K [0x0000000080000000, 0x0000000100000000)
  region size 1024K, 74 young (75776K), 7 survivors (7168K)
 Metaspace       used 90870K, committed 91520K, reserved 1179648K
  class space    used 12440K, committed 12736K, reserved 1048576K
}
Event: 8.031 GC heap after
{Heap after GC invocations=21 (full 0):
 garbage-first heap   total 171008K, used 74651K [0x0000000080000000, 0x0000000100000000)
  region size 1024K, 10 young (10240K), 10 survivors (10240K)
 Metaspace       used 90870K, committed 91520K, reserved 1179648K
  class space    used 12440K, committed 12736K, reserved 1048576K
}
Event: 8.607 GC heap before
{Heap before GC invocations=21 (full 0):
 garbage-first heap   total 171008K, used 136091K [0x0000000080000000, 0x0000000100000000)
  region size 1024K, 71 young (72704K), 10 survivors (10240K)
 Metaspace       used 92995K, committed 93696K, reserved 1179648K
  class space    used 12822K, committed 13184K, reserved 1048576K
}
Event: 8.613 GC heap after
{Heap after GC invocations=22 (full 0):
 garbage-first heap   total 171008K, used 83742K [0x0000000080000000, 0x0000000100000000)
  region size 1024K, 9 young (9216K), 9 survivors (9216K)
 Metaspace       used 92995K, committed 93696K, reserved 1179648K
  class space    used 12822K, committed 13184K, reserved 1048576K
}
Event: 8.855 GC heap before
{Heap before GC invocations=22 (full 0):
 garbage-first heap   total 171008K, used 134942K [0x0000000080000000, 0x0000000100000000)
  region size 1024K, 60 young (61440K), 9 survivors (9216K)
 Metaspace       used 93452K, committed 94144K, reserved 1179648K
  class space    used 12868K, committed 13184K, reserved 1048576K
}
Event: 8.858 GC heap after
{Heap after GC invocations=23 (full 0):
 garbage-first heap   total 171008K, used 88850K [0x0000000080000000, 0x0000000100000000)
  region size 1024K, 6 young (6144K), 6 survivors (6144K)
 Metaspace       used 93452K, committed 94144K, reserved 1179648K
  class space    used 12868K, committed 13184K, reserved 1048576K
}
Event: 9.084 GC heap before
{Heap before GC invocations=23 (full 0):
 garbage-first heap   total 171008K, used 136978K [0x0000000080000000, 0x0000000100000000)
  region size 1024K, 54 young (55296K), 6 survivors (6144K)
 Metaspace       used 93993K, committed 94656K, reserved 1179648K
  class space    used 12913K, committed 13248K, reserved 1048576K
}
Event: 9.087 GC heap after
{Heap after GC invocations=24 (full 0):
 garbage-first heap   total 171008K, used 92769K [0x0000000080000000, 0x0000000100000000)
  region size 1024K, 6 young (6144K), 6 survivors (6144K)
 Metaspace       used 93993K, committed 94656K, reserved 1179648K
  class space    used 12913K, committed 13248K, reserved 1048576K
}
Event: 9.359 GC heap before
{Heap before GC invocations=25 (full 0):
 garbage-first heap   total 173056K, used 142945K [0x0000000080000000, 0x0000000100000000)
  region size 1024K, 51 young (52224K), 6 survivors (6144K)
 Metaspace       used 95455K, committed 96128K, reserved 1179648K
  class space    used 13054K, committed 13376K, reserved 1048576K
}
Event: 9.363 GC heap after
{Heap after GC invocations=26 (full 0):
 garbage-first heap   total 173056K, used 97211K [0x0000000080000000, 0x0000000100000000)
  region size 1024K, 6 young (6144K), 6 survivors (6144K)
 Metaspace       used 95455K, committed 96128K, reserved 1179648K
  class space    used 13054K, committed 13376K, reserved 1048576K
}
Event: 9.367 GC heap before
{Heap before GC invocations=26 (full 0):
 garbage-first heap   total 173056K, used 99259K [0x0000000080000000, 0x0000000100000000)
  region size 1024K, 8 young (8192K), 6 survivors (6144K)
 Metaspace       used 95455K, committed 96128K, reserved 1179648K
  class space    used 13054K, committed 13376K, reserved 1048576K
}
Event: 9.392 GC heap after
{Heap after GC invocations=27 (full 0):
 garbage-first heap   total 173056K, used 96821K [0x0000000080000000, 0x0000000100000000)
  region size 1024K, 1 young (1024K), 1 survivors (1024K)
 Metaspace       used 95455K, committed 96128K, reserved 1179648K
  class space    used 13054K, committed 13376K, reserved 1048576K
}
Event: 9.878 GC heap before
{Heap before GC invocations=27 (full 0):
 garbage-first heap   total 173056K, used 140853K [0x0000000080000000, 0x0000000100000000)
  region size 1024K, 45 young (46080K), 1 survivors (1024K)
 Metaspace       used 101854K, committed 102592K, reserved 1179648K
  class space    used 13898K, committed 14208K, reserved 1048576K
}
Event: 9.880 GC heap after
{Heap after GC invocations=28 (full 0):
 garbage-first heap   total 173056K, used 100340K [0x0000000080000000, 0x0000000100000000)
  region size 1024K, 5 young (5120K), 5 survivors (5120K)
 Metaspace       used 101854K, committed 102592K, reserved 1179648K
  class space    used 13898K, committed 14208K, reserved 1048576K
}
Event: 10.274 GC heap before
{Heap before GC invocations=29 (full 0):
 garbage-first heap   total 174080K, used 143348K [0x0000000080000000, 0x0000000100000000)
  region size 1024K, 46 young (47104K), 5 survivors (5120K)
 Metaspace       used 103818K, committed 104576K, reserved 1179648K
  class space    used 14111K, committed 14464K, reserved 1048576K
}
Event: 10.279 GC heap after
{Heap after GC invocations=30 (full 0):
 garbage-first heap   total 174080K, used 112321K [0x0000000080000000, 0x0000000100000000)
  region size 1024K, 6 young (6144K), 6 survivors (6144K)
 Metaspace       used 103818K, committed 104576K, reserved 1179648K
  class space    used 14111K, committed 14464K, reserved 1048576K
}
Event: 10.305 GC heap before
{Heap before GC invocations=30 (full 0):
 garbage-first heap   total 174080K, used 114369K [0x0000000080000000, 0x0000000100000000)
  region size 1024K, 8 young (8192K), 6 survivors (6144K)
 Metaspace       used 103929K, committed 104704K, reserved 1179648K
  class space    used 14123K, committed 14528K, reserved 1048576K
}

